<?xml version="1.0" encoding="UTF-8" ?>
<testsuite errors="0" failures="1" name="org.hackystat.core.installer.util.TestProxyProperty" tests="1" time="0.0080">
  <properties>
[...]
</properties>
  <testcase classname="org.hackystat.core.installer.util.TestProxyProperty" name="testNormalFunctionality" time="0.0040">
    <failure message="Value should be the same. expected:&lt;[8]0&gt; but was:&lt;[9]0&gt;" type="junit.framework.ComparisonFailure">junit.framework.ComparisonFailure: Value should be the same. expected:&lt;[8]0&gt; but was:&lt;[9]0&gt;
	at org.hackystat.core.installer.util.TestProxyProperty.testNormalFunctionality(TestProxyProperty.java:21)
</failure>
  </testcase>
  <system-out><![CDATA[]]></system-out>
  <system-err><![CDATA[]]></system-err>
</testsuite>
