<?xml version="1.0" encoding="UTF-8"?>
<coverage generated="1195419958911" clover="2.0.2">
   <project timestamp="1195419924262">
      <metrics conditionals="316" methods="137" classes="14" files="14" coveredstatements="331" packages="9" loc="3565" ncloc="2018" coveredmethods="30" coveredconditionals="52" statements="996" coveredelements="413" elements="1449"/>
      <package name="org.hackystat.sensor.ant.pmd">
         <metrics classes="1" methods="18" conditionals="36" files="1" ncloc="270" coveredstatements="77" coveredmethods="7" coveredconditionals="11" statements="141" loc="456" coveredelements="95" elements="195"/>
         <file name="PmdSensor.java">
            <class name="PmdSensor">
               <metrics methods="18" conditionals="36" coveredstatements="77" coveredmethods="7" coveredconditionals="11" statements="141" coveredelements="95" elements="195"/>
            </class>
            <metrics classes="1" methods="18" conditionals="36" ncloc="270" coveredstatements="77" coveredmethods="7" coveredconditionals="11" statements="141" loc="456" coveredelements="95" elements="195"/>
            <line num="78" count="0" type="method"/>
            <line num="79" count="0" type="stmt"/>
            <line num="80" count="0" type="stmt"/>
            <line num="81" count="0" type="stmt"/>
            <line num="82" count="0" type="stmt"/>
            <line num="94" count="1" type="method"/>
            <line num="95" count="1" type="stmt"/>
            <line num="96" count="1" type="stmt"/>
            <line num="97" count="1" type="stmt"/>
            <line num="98" count="1" type="stmt"/>
            <line num="99" count="1" type="stmt"/>
            <line num="100" count="1" type="stmt"/>
            <line num="110" count="0" type="method"/>
            <line num="111" count="0" type="stmt"/>
            <line num="122" count="0" type="method"/>
            <line num="123" count="0" type="stmt"/>
            <line num="131" count="1" type="method"/>
            <line num="132" count="1" type="stmt"/>
            <line num="132" falsecount="1" type="cond" truecount="0"/>
            <line num="133" count="0" type="stmt"/>
            <line num="136" count="1" type="stmt"/>
            <line num="145" count="1" type="method"/>
            <line num="146" count="1" type="stmt"/>
            <line num="146" falsecount="0" type="cond" truecount="1"/>
            <line num="147" count="1" type="stmt"/>
            <line num="149" count="1" type="stmt"/>
            <line num="157" count="0" type="method"/>
            <line num="158" count="0" type="stmt"/>
            <line num="166" count="1" type="method"/>
            <line num="167" count="1" type="stmt"/>
            <line num="175" count="0" type="method"/>
            <line num="176" count="0" type="stmt"/>
            <line num="178" count="0" type="stmt"/>
            <line num="180" count="0" type="stmt"/>
            <line num="181" count="0" type="stmt"/>
            <line num="183" count="0" type="stmt"/>
            <line num="186" count="0" type="stmt"/>
            <line num="186" falsecount="0" type="cond" truecount="0"/>
            <line num="188" count="0" type="stmt"/>
            <line num="189" count="0" type="stmt"/>
            <line num="189" falsecount="0" type="cond" truecount="0"/>
            <line num="190" count="0" type="stmt"/>
            <line num="192" count="0" type="stmt"/>
            <line num="195" count="0" type="stmt"/>
            <line num="195" falsecount="0" type="cond" truecount="0"/>
            <line num="196" count="0" type="stmt"/>
            <line num="197" count="0" type="stmt"/>
            <line num="198" count="0" type="stmt"/>
            <line num="198" falsecount="0" type="cond" truecount="0"/>
            <line num="200" count="0" type="stmt"/>
            <line num="205" count="0" type="stmt"/>
            <line num="209" count="0" type="stmt"/>
            <line num="209" falsecount="0" type="cond" truecount="0"/>
            <line num="210" count="0" type="stmt"/>
            <line num="213" count="0" type="stmt"/>
            <line num="217" count="0" type="stmt"/>
            <line num="220" count="0" type="stmt"/>
            <line num="228" count="0" type="method"/>
            <line num="229" count="0" type="stmt"/>
            <line num="237" count="0" type="method"/>
            <line num="238" count="0" type="stmt"/>
            <line num="238" falsecount="0" type="cond" truecount="0"/>
            <line num="239" count="0" type="stmt"/>
            <line num="240" count="0" type="stmt"/>
            <line num="241" count="0" type="stmt"/>
            <line num="244" count="0" type="stmt"/>
            <line num="249" count="0" type="stmt"/>
            <line num="249" falsecount="0" type="cond" truecount="0"/>
            <line num="251" count="0" type="stmt"/>
            <line num="252" count="0" type="stmt"/>
            <line num="253" count="0" type="stmt"/>
            <line num="256" count="0" type="stmt"/>
            <line num="257" count="0" type="stmt"/>
            <line num="258" count="0" type="stmt"/>
            <line num="261" count="0" type="stmt"/>
            <line num="261" falsecount="0" type="cond" truecount="0"/>
            <line num="262" count="0" type="stmt"/>
            <line num="263" count="0" type="stmt"/>
            <line num="274" count="1" type="method"/>
            <line num="275" count="1" type="stmt"/>
            <line num="276" count="1" type="stmt"/>
            <line num="278" count="1" type="stmt"/>
            <line num="279" count="1" type="stmt"/>
            <line num="280" count="1" type="stmt"/>
            <line num="282" count="1" type="stmt"/>
            <line num="283" count="1" type="stmt"/>
            <line num="285" count="1" type="stmt"/>
            <line num="286" count="1" type="stmt"/>
            <line num="288" count="1" type="stmt"/>
            <line num="289" count="1" type="stmt"/>
            <line num="291" count="1" type="stmt"/>
            <line num="293" count="1" type="stmt"/>
            <line num="297" count="1" type="stmt"/>
            <line num="299" count="1" type="stmt"/>
            <line num="300" count="1" type="stmt"/>
            <line num="302" count="1" type="stmt"/>
            <line num="304" count="1" type="stmt"/>
            <line num="305" count="1" type="stmt"/>
            <line num="306" count="1" type="stmt"/>
            <line num="307" count="1" type="stmt"/>
            <line num="308" count="1" type="stmt"/>
            <line num="310" count="1" type="stmt"/>
            <line num="312" count="1" type="stmt"/>
            <line num="313" count="1" type="stmt"/>
            <line num="314" count="1" type="stmt"/>
            <line num="315" count="1" type="stmt"/>
            <line num="317" count="1" type="stmt"/>
            <line num="318" count="1" type="stmt"/>
            <line num="319" count="1" type="stmt"/>
            <line num="319" falsecount="1" type="cond" truecount="1"/>
            <line num="320" count="1" type="stmt"/>
            <line num="321" count="1" type="stmt"/>
            <line num="325" count="1" type="stmt"/>
            <line num="328" count="1" type="stmt"/>
            <line num="329" count="1" type="stmt"/>
            <line num="330" count="1" type="stmt"/>
            <line num="333" count="1" type="stmt"/>
            <line num="334" count="1" type="stmt"/>
            <line num="338" count="1" type="stmt"/>
            <line num="339" count="1" type="stmt"/>
            <line num="341" count="1" type="stmt"/>
            <line num="344" count="1" type="stmt"/>
            <line num="347" count="1" type="stmt"/>
            <line num="348" count="1" type="stmt"/>
            <line num="349" count="1" type="stmt"/>
            <line num="350" count="1" type="stmt"/>
            <line num="351" count="1" type="stmt"/>
            <line num="352" count="1" type="stmt"/>
            <line num="354" count="1" type="stmt"/>
            <line num="355" count="1" type="stmt"/>
            <line num="358" count="1" type="stmt"/>
            <line num="361" count="0" type="stmt"/>
            <line num="374" count="1" type="method"/>
            <line num="375" count="1" type="stmt"/>
            <line num="376" count="1" type="stmt"/>
            <line num="376" falsecount="1" type="cond" truecount="0"/>
            <line num="377" count="0" type="stmt"/>
            <line num="379" count="1" type="stmt"/>
            <line num="380" count="1" type="stmt"/>
            <line num="380" falsecount="0" type="cond" truecount="1"/>
            <line num="381" count="1" type="stmt"/>
            <line num="383" count="1" type="stmt"/>
            <line num="383" falsecount="1" type="cond" truecount="1"/>
            <line num="384" count="1" type="stmt"/>
            <line num="387" count="0" type="stmt"/>
            <line num="395" count="0" type="method"/>
            <line num="396" count="0" type="stmt"/>
            <line num="404" count="0" type="method"/>
            <line num="405" count="0" type="stmt"/>
            <line num="413" count="0" type="method"/>
            <line num="414" count="0" type="stmt"/>
            <line num="421" count="0" type="method"/>
            <line num="422" count="0" type="stmt"/>
            <line num="423" count="0" type="stmt"/>
            <line num="424" count="0" type="stmt"/>
            <line num="424" falsecount="0" type="cond" truecount="0"/>
            <line num="425" count="0" type="stmt"/>
            <line num="426" count="0" type="stmt"/>
            <line num="427" count="0" type="stmt"/>
            <line num="428" count="0" type="stmt"/>
            <line num="430" count="0" type="stmt"/>
            <line num="430" falsecount="0" type="cond" truecount="0"/>
            <line num="431" count="0" type="stmt"/>
            <line num="432" count="0" type="stmt"/>
            <line num="433" count="0" type="stmt"/>
            <line num="434" count="0" type="stmt"/>
            <line num="437" count="0" type="stmt"/>
            <line num="445" count="1" type="method"/>
            <line num="446" count="1" type="stmt"/>
            <line num="447" count="1" type="stmt"/>
            <line num="448" count="1" type="stmt"/>
            <line num="448" falsecount="1" type="cond" truecount="1"/>
            <line num="449" count="1" type="stmt"/>
            <line num="450" count="1" type="stmt"/>
            <line num="450" falsecount="0" type="cond" truecount="1"/>
            <line num="451" count="1" type="stmt"/>
            <line num="454" count="1" type="stmt"/>
         </file>
      </package>
      <package name="org.hackystat.sensor.ant.vcs">
         <metrics classes="2" methods="7" conditionals="16" files="2" ncloc="67" coveredstatements="16" coveredmethods="4" coveredconditionals="12" statements="29" loc="141" coveredelements="32" elements="52"/>
         <file name="GenericDiffCounter.java">
            <class name="GenericDiffCounter">
               <metrics methods="3" conditionals="4" coveredstatements="0" coveredmethods="0" coveredconditionals="0" statements="13" coveredelements="0" elements="20"/>
            </class>
            <metrics classes="1" methods="3" conditionals="4" ncloc="30" coveredstatements="0" coveredmethods="0" coveredconditionals="0" statements="13" loc="69" coveredelements="0" elements="20"/>
            <line num="31" count="0" type="method"/>
            <line num="32" count="0" type="stmt"/>
            <line num="33" count="0" type="stmt"/>
            <line num="35" count="0" type="stmt"/>
            <line num="35" falsecount="0" type="cond" truecount="0"/>
            <line num="36" count="0" type="stmt"/>
            <line num="37" count="0" type="stmt"/>
            <line num="38" count="0" type="stmt"/>
            <line num="39" count="0" type="stmt"/>
            <line num="40" count="0" type="stmt"/>
            <line num="45" count="0" type="stmt"/>
            <line num="46" count="0" type="stmt"/>
            <line num="46" falsecount="0" type="cond" truecount="0"/>
            <line num="47" count="0" type="stmt"/>
            <line num="57" count="0" type="method"/>
            <line num="58" count="0" type="stmt"/>
            <line num="66" count="0" type="method"/>
            <line num="67" count="0" type="stmt"/>
         </file>
         <file name="GenericSizeCounter.java">
            <class name="GenericSizeCounter">
               <metrics methods="4" conditionals="12" coveredstatements="16" coveredmethods="4" coveredconditionals="12" statements="16" coveredelements="32" elements="32"/>
            </class>
            <metrics classes="1" methods="4" conditionals="12" ncloc="37" coveredstatements="16" coveredmethods="4" coveredconditionals="12" statements="16" loc="72" coveredelements="32" elements="32"/>
            <line num="19" count="1" type="method"/>
            <line num="20" count="1" type="stmt"/>
            <line num="20" falsecount="1" type="cond" truecount="1"/>
            <line num="21" count="1" type="stmt"/>
            <line num="23" count="1" type="stmt"/>
            <line num="23" falsecount="1" type="cond" truecount="1"/>
            <line num="24" count="1" type="stmt"/>
            <line num="26" count="1" type="stmt"/>
            <line num="26" falsecount="1" type="cond" truecount="1"/>
            <line num="27" count="1" type="stmt"/>
            <line num="28" count="1" type="stmt"/>
            <line num="28" falsecount="1" type="cond" truecount="1"/>
            <line num="29" count="1" type="stmt"/>
            <line num="33" count="1" type="stmt"/>
            <line num="45" count="1" type="method"/>
            <line num="46" count="1" type="stmt"/>
            <line num="46" falsecount="1" type="cond" truecount="1"/>
            <line num="47" count="1" type="stmt"/>
            <line num="48" count="1" type="stmt"/>
            <line num="48" falsecount="1" type="cond" truecount="1"/>
            <line num="49" count="1" type="stmt"/>
            <line num="52" count="1" type="stmt"/>
            <line num="60" count="1" type="method"/>
            <line num="61" count="1" type="stmt"/>
            <line num="69" count="1" type="method"/>
            <line num="70" count="1" type="stmt"/>
         </file>
      </package>
      <package name="org.hackystat.sensor.ant.svn">
         <metrics classes="4" methods="42" conditionals="118" files="4" ncloc="564" coveredstatements="0" coveredmethods="0" coveredconditionals="0" statements="262" loc="1041" coveredelements="0" elements="422"/>
         <file name="CommitRecord.java">
            <class name="CommitRecord">
               <metrics methods="8" conditionals="20" coveredstatements="0" coveredmethods="0" coveredconditionals="0" statements="48" coveredelements="0" elements="76"/>
            </class>
            <metrics classes="1" methods="8" conditionals="20" ncloc="111" coveredstatements="0" coveredmethods="0" coveredconditionals="0" statements="48" loc="201" coveredelements="0" elements="76"/>
            <line num="38" count="0" type="method"/>
            <line num="39" count="0" type="stmt"/>
            <line num="40" count="0" type="stmt"/>
            <line num="41" count="0" type="stmt"/>
            <line num="50" count="0" type="method"/>
            <line num="51" count="0" type="stmt"/>
            <line num="54" count="0" type="stmt"/>
            <line num="55" count="0" type="stmt"/>
            <line num="57" count="0" type="stmt"/>
            <line num="58" count="0" type="stmt"/>
            <line num="59" count="0" type="stmt"/>
            <line num="60" count="0" type="stmt"/>
            <line num="62" count="0" type="stmt"/>
            <line num="63" count="0" type="stmt"/>
            <line num="63" falsecount="0" type="cond" truecount="0"/>
            <line num="69" count="0" type="stmt"/>
            <line num="69" falsecount="0" type="cond" truecount="0"/>
            <line num="70" count="0" type="stmt"/>
            <line num="74" count="0" type="stmt"/>
            <line num="77" count="0" type="stmt"/>
            <line num="77" falsecount="0" type="cond" truecount="0"/>
            <line num="81" count="0" type="stmt"/>
            <line num="84" count="0" type="stmt"/>
            <line num="84" falsecount="0" type="cond" truecount="0"/>
            <line num="92" count="0" type="stmt"/>
            <line num="92" falsecount="0" type="cond" truecount="0"/>
            <line num="93" count="0" type="stmt"/>
            <line num="96" count="0" type="stmt"/>
            <line num="96" falsecount="0" type="cond" truecount="0"/>
            <line num="97" count="0" type="stmt"/>
            <line num="99" count="0" type="stmt"/>
            <line num="100" count="0" type="stmt"/>
            <line num="101" count="0" type="stmt"/>
            <line num="102" count="0" type="stmt"/>
            <line num="103" count="0" type="stmt"/>
            <line num="104" count="0" type="stmt"/>
            <line num="104" falsecount="0" type="cond" truecount="0"/>
            <line num="106" count="0" type="stmt"/>
            <line num="107" count="0" type="stmt"/>
            <line num="110" count="0" type="stmt"/>
            <line num="110" falsecount="0" type="cond" truecount="0"/>
            <line num="111" count="0" type="stmt"/>
            <line num="113" count="0" type="stmt"/>
            <line num="118" count="0" type="stmt"/>
            <line num="118" falsecount="0" type="cond" truecount="0"/>
            <line num="123" count="0" type="stmt"/>
            <line num="125" count="0" type="stmt"/>
            <line num="129" count="0" type="stmt"/>
            <line num="134" count="0" type="stmt"/>
            <line num="135" count="0" type="stmt"/>
            <line num="136" count="0" type="stmt"/>
            <line num="136" falsecount="0" type="cond" truecount="0"/>
            <line num="137" count="0" type="stmt"/>
            <line num="141" count="0" type="stmt"/>
            <line num="153" count="0" type="method"/>
            <line num="154" count="0" type="stmt"/>
            <line num="162" count="0" type="method"/>
            <line num="163" count="0" type="stmt"/>
            <line num="171" count="0" type="method"/>
            <line num="172" count="0" type="stmt"/>
            <line num="180" count="0" type="method"/>
            <line num="181" count="0" type="stmt"/>
            <line num="188" count="0" type="method"/>
            <line num="189" count="0" type="stmt"/>
            <line num="198" count="0" type="method"/>
            <line num="199" count="0" type="stmt"/>
         </file>
         <file name="SvnSensor.java">
            <class name="SvnSensor">
               <metrics methods="16" conditionals="38" coveredstatements="0" coveredmethods="0" coveredconditionals="0" statements="93" coveredelements="0" elements="147"/>
            </class>
            <metrics classes="1" methods="16" conditionals="38" ncloc="206" coveredstatements="0" coveredmethods="0" coveredconditionals="0" statements="93" loc="363" coveredelements="0" elements="147"/>
            <line num="49" count="0" type="method"/>
            <line num="50" count="0" type="stmt"/>
            <line num="60" count="0" type="method"/>
            <line num="61" count="0" type="stmt"/>
            <line num="70" count="0" type="method"/>
            <line num="71" count="0" type="stmt"/>
            <line num="78" count="0" type="method"/>
            <line num="79" count="0" type="stmt"/>
            <line num="87" count="0" type="method"/>
            <line num="88" count="0" type="stmt"/>
            <line num="101" count="0" type="method"/>
            <line num="102" count="0" type="stmt"/>
            <line num="111" count="0" type="method"/>
            <line num="112" count="0" type="stmt"/>
            <line num="119" count="0" type="method"/>
            <line num="120" count="0" type="stmt"/>
            <line num="127" count="0" type="method"/>
            <line num="128" count="0" type="stmt"/>
            <line num="138" count="0" type="method"/>
            <line num="139" count="0" type="stmt"/>
            <line num="149" count="0" type="method"/>
            <line num="150" count="0" type="stmt"/>
            <line num="158" count="0" type="method"/>
            <line num="159" count="0" type="stmt"/>
            <line num="159" falsecount="0" type="cond" truecount="0"/>
            <line num="160" count="0" type="stmt"/>
            <line num="162" count="0" type="stmt"/>
            <line num="162" falsecount="0" type="cond" truecount="0"/>
            <line num="163" count="0" type="stmt"/>
            <line num="168" count="0" type="stmt"/>
            <line num="168" falsecount="0" type="cond" truecount="0"/>
            <line num="169" count="0" type="stmt"/>
            <line num="170" count="0" type="stmt"/>
            <line num="171" count="0" type="stmt"/>
            <line num="174" count="0" type="stmt"/>
            <line num="175" count="0" type="stmt"/>
            <line num="175" falsecount="0" type="cond" truecount="0"/>
            <line num="176" count="0" type="stmt"/>
            <line num="178" count="0" type="stmt"/>
            <line num="182" count="0" type="stmt"/>
            <line num="187" count="0" type="stmt"/>
            <line num="190" count="0" type="stmt"/>
            <line num="190" falsecount="0" type="cond" truecount="0"/>
            <line num="191" count="0" type="stmt"/>
            <line num="202" count="0" type="method"/>
            <line num="203" count="0" type="stmt"/>
            <line num="212" count="0" type="method"/>
            <line num="213" count="0" type="stmt"/>
            <line num="214" count="0" type="stmt"/>
            <line num="214" falsecount="0" type="cond" truecount="0"/>
            <line num="215" count="0" type="stmt"/>
            <line num="219" count="0" type="stmt"/>
            <line num="220" count="0" type="stmt"/>
            <line num="221" count="0" type="stmt"/>
            <line num="222" count="0" type="stmt"/>
            <line num="224" count="0" type="stmt"/>
            <line num="225" count="0" type="stmt"/>
            <line num="226" count="0" type="stmt"/>
            <line num="227" count="0" type="stmt"/>
            <line num="228" count="0" type="stmt"/>
            <line num="228" falsecount="0" type="cond" truecount="0"/>
            <line num="229" count="0" type="stmt"/>
            <line num="230" count="0" type="stmt"/>
            <line num="230" falsecount="0" type="cond" truecount="0"/>
            <line num="231" count="0" type="stmt"/>
            <line num="232" count="0" type="stmt"/>
            <line num="233" count="0" type="stmt"/>
            <line num="235" count="0" type="stmt"/>
            <line num="236" count="0" type="stmt"/>
            <line num="236" falsecount="0" type="cond" truecount="0"/>
            <line num="237" count="0" type="stmt"/>
            <line num="239" count="0" type="stmt"/>
            <line num="240" count="0" type="stmt"/>
            <line num="242" count="0" type="stmt"/>
            <line num="247" count="0" type="stmt"/>
            <line num="249" count="0" type="stmt"/>
            <line num="250" count="0" type="stmt"/>
            <line num="251" count="0" type="stmt"/>
            <line num="252" count="0" type="stmt"/>
            <line num="255" count="0" type="stmt"/>
            <line num="256" count="0" type="stmt"/>
            <line num="256" falsecount="0" type="cond" truecount="0"/>
            <line num="257" count="0" type="stmt"/>
            <line num="260" count="0" type="stmt"/>
            <line num="265" count="0" type="stmt"/>
            <line num="288" count="0" type="method"/>
            <line num="290" count="0" type="stmt"/>
            <line num="290" falsecount="0" type="cond" truecount="0"/>
            <line num="291" count="0" type="stmt"/>
            <line num="295" count="0" type="stmt"/>
            <line num="295" falsecount="0" type="cond" truecount="0"/>
            <line num="296" count="0" type="stmt"/>
            <line num="297" count="0" type="stmt"/>
            <line num="298" count="0" type="stmt"/>
            <line num="301" count="0" type="stmt"/>
            <line num="301" falsecount="0" type="cond" truecount="0"/>
            <line num="304" count="0" type="stmt"/>
            <line num="308" count="0" type="stmt"/>
            <line num="311" count="0" type="stmt"/>
            <line num="312" count="0" type="stmt"/>
            <line num="313" count="0" type="stmt"/>
            <line num="332" count="0" type="method"/>
            <line num="335" count="0" type="stmt"/>
            <line num="335" falsecount="0" type="cond" truecount="0"/>
            <line num="336" count="0" type="stmt"/>
            <line num="336" falsecount="0" type="cond" truecount="0"/>
            <line num="337" count="0" type="stmt"/>
            <line num="337" falsecount="0" type="cond" truecount="0"/>
            <line num="338" count="0" type="stmt"/>
            <line num="341" count="0" type="stmt"/>
            <line num="345" count="0" type="stmt"/>
            <line num="345" falsecount="0" type="cond" truecount="0"/>
            <line num="346" count="0" type="stmt"/>
            <line num="346" falsecount="0" type="cond" truecount="0"/>
            <line num="347" count="0" type="stmt"/>
            <line num="347" falsecount="0" type="cond" truecount="0"/>
            <line num="349" count="0" type="stmt"/>
            <line num="350" count="0" type="stmt"/>
            <line num="351" count="0" type="stmt"/>
            <line num="352" count="0" type="stmt"/>
            <line num="353" count="0" type="stmt"/>
            <line num="354" count="0" type="stmt"/>
            <line num="355" count="0" type="stmt"/>
            <line num="356" count="0" type="stmt"/>
            <line num="357" count="0" type="stmt"/>
            <line num="358" count="0" type="stmt"/>
            <line num="359" count="0" type="stmt"/>
            <line num="360" count="0" type="stmt"/>
         </file>
         <file name="CommitRecordEntry.java">
            <class name="CommitRecordEntry">
               <metrics methods="15" conditionals="40" coveredstatements="0" coveredmethods="0" coveredconditionals="0" statements="83" coveredelements="0" elements="138"/>
            </class>
            <metrics classes="1" methods="15" conditionals="40" ncloc="167" coveredstatements="0" coveredmethods="0" coveredconditionals="0" statements="83" loc="339" coveredelements="0" elements="138"/>
            <line num="52" count="0" type="method"/>
            <line num="54" count="0" type="stmt"/>
            <line num="55" count="0" type="stmt"/>
            <line num="56" count="0" type="stmt"/>
            <line num="57" count="0" type="stmt"/>
            <line num="58" count="0" type="stmt"/>
            <line num="59" count="0" type="stmt"/>
            <line num="59" falsecount="0" type="cond" truecount="0"/>
            <line num="60" count="0" type="stmt"/>
            <line num="69" count="0" type="method"/>
            <line num="70" count="0" type="stmt"/>
            <line num="78" count="0" type="method"/>
            <line num="79" count="0" type="stmt"/>
            <line num="87" count="0" type="method"/>
            <line num="88" count="0" type="stmt"/>
            <line num="99" count="0" type="method"/>
            <line num="100" count="0" type="stmt"/>
            <line num="101" count="0" type="stmt"/>
            <line num="112" count="0" type="method"/>
            <line num="113" count="0" type="stmt"/>
            <line num="114" count="0" type="stmt"/>
            <line num="122" count="0" type="method"/>
            <line num="123" count="0" type="stmt"/>
            <line num="134" count="0" type="method"/>
            <line num="135" count="0" type="stmt"/>
            <line num="136" count="0" type="stmt"/>
            <line num="136" falsecount="0" type="cond" truecount="0"/>
            <line num="137" count="0" type="stmt"/>
            <line num="140" count="0" type="stmt"/>
            <line num="152" count="0" type="method"/>
            <line num="153" count="0" type="stmt"/>
            <line num="154" count="0" type="stmt"/>
            <line num="154" falsecount="0" type="cond" truecount="0"/>
            <line num="155" count="0" type="stmt"/>
            <line num="158" count="0" type="stmt"/>
            <line num="170" count="0" type="method"/>
            <line num="171" count="0" type="stmt"/>
            <line num="172" count="0" type="stmt"/>
            <line num="172" falsecount="0" type="cond" truecount="0"/>
            <line num="173" count="0" type="stmt"/>
            <line num="176" count="0" type="stmt"/>
            <line num="188" count="0" type="method"/>
            <line num="190" count="0" type="stmt"/>
            <line num="190" falsecount="0" type="cond" truecount="0"/>
            <line num="191" count="0" type="stmt"/>
            <line num="194" count="0" type="stmt"/>
            <line num="194" falsecount="0" type="cond" truecount="0"/>
            <line num="196" count="0" type="stmt"/>
            <line num="205" count="0" type="stmt"/>
            <line num="207" count="0" type="stmt"/>
            <line num="207" falsecount="0" type="cond" truecount="0"/>
            <line num="209" count="0" type="stmt"/>
            <line num="210" count="0" type="stmt"/>
            <line num="210" falsecount="0" type="cond" truecount="0"/>
            <line num="211" count="0" type="stmt"/>
            <line num="214" count="0" type="stmt"/>
            <line num="216" count="0" type="stmt"/>
            <line num="217" count="0" type="stmt"/>
            <line num="220" count="0" type="stmt"/>
            <line num="220" falsecount="0" type="cond" truecount="0"/>
            <line num="221" count="0" type="stmt"/>
            <line num="221" falsecount="0" type="cond" truecount="0"/>
            <line num="224" count="0" type="stmt"/>
            <line num="224" falsecount="0" type="cond" truecount="0"/>
            <line num="225" count="0" type="stmt"/>
            <line num="225" falsecount="0" type="cond" truecount="0"/>
            <line num="227" count="0" type="stmt"/>
            <line num="227" falsecount="0" type="cond" truecount="0"/>
            <line num="228" count="0" type="stmt"/>
            <line num="231" count="0" type="stmt"/>
            <line num="231" falsecount="0" type="cond" truecount="0"/>
            <line num="232" count="0" type="stmt"/>
            <line num="235" count="0" type="stmt"/>
            <line num="235" falsecount="0" type="cond" truecount="0"/>
            <line num="237" count="0" type="stmt"/>
            <line num="237" falsecount="0" type="cond" truecount="0"/>
            <line num="240" count="0" type="stmt"/>
            <line num="240" falsecount="0" type="cond" truecount="0"/>
            <line num="241" count="0" type="stmt"/>
            <line num="242" count="0" type="stmt"/>
            <line num="243" count="0" type="stmt"/>
            <line num="245" count="0" type="stmt"/>
            <line num="245" falsecount="0" type="cond" truecount="0"/>
            <line num="246" count="0" type="stmt"/>
            <line num="247" count="0" type="stmt"/>
            <line num="248" count="0" type="stmt"/>
            <line num="251" count="0" type="stmt"/>
            <line num="252" count="0" type="stmt"/>
            <line num="253" count="0" type="stmt"/>
            <line num="254" count="0" type="stmt"/>
            <line num="260" count="0" type="stmt"/>
            <line num="275" count="0" type="method"/>
            <line num="277" count="0" type="stmt"/>
            <line num="278" count="0" type="stmt"/>
            <line num="279" count="0" type="stmt"/>
            <line num="280" count="0" type="stmt"/>
            <line num="292" count="0" type="method"/>
            <line num="294" count="0" type="stmt"/>
            <line num="309" count="0" type="method"/>
            <line num="310" count="0" type="stmt"/>
            <line num="311" count="0" type="stmt"/>
            <line num="313" count="0" type="stmt"/>
            <line num="314" count="0" type="stmt"/>
            <line num="314" falsecount="0" type="cond" truecount="0"/>
            <line num="315" count="0" type="stmt"/>
            <line num="316" count="0" type="stmt"/>
            <line num="319" count="0" type="stmt"/>
            <line num="320" count="0" type="stmt"/>
            <line num="321" count="0" type="stmt"/>
            <line num="321" falsecount="0" type="cond" truecount="0"/>
            <line num="322" count="0" type="stmt"/>
            <line num="324" count="0" type="stmt"/>
            <line num="332" count="0" type="method"/>
            <line num="333" count="0" type="stmt"/>
            <line num="334" count="0" type="stmt"/>
            <line num="335" count="0" type="stmt"/>
            <line num="336" count="0" type="stmt"/>
            <line num="337" count="0" type="stmt"/>
         </file>
         <file name="SVNCommitProcessor.java">
            <class name="SVNCommitProcessor">
               <metrics methods="3" conditionals="20" coveredstatements="0" coveredmethods="0" coveredconditionals="0" statements="38" coveredelements="0" elements="61"/>
            </class>
            <metrics classes="1" methods="3" conditionals="20" ncloc="80" coveredstatements="0" coveredmethods="0" coveredconditionals="0" statements="38" loc="138" coveredelements="0" elements="61"/>
            <line num="35" count="0" type="method"/>
            <line num="37" count="0" type="stmt"/>
            <line num="37" falsecount="0" type="cond" truecount="0"/>
            <line num="38" count="0" type="stmt"/>
            <line num="40" count="0" type="stmt"/>
            <line num="40" falsecount="0" type="cond" truecount="0"/>
            <line num="41" count="0" type="stmt"/>
            <line num="44" count="0" type="stmt"/>
            <line num="47" count="0" type="stmt"/>
            <line num="48" count="0" type="stmt"/>
            <line num="48" falsecount="0" type="cond" truecount="0"/>
            <line num="49" count="0" type="stmt"/>
            <line num="63" count="0" type="method"/>
            <line num="70" count="0" type="stmt"/>
            <line num="71" count="0" type="stmt"/>
            <line num="72" count="0" type="stmt"/>
            <line num="73" count="0" type="stmt"/>
            <line num="75" count="0" type="stmt"/>
            <line num="76" count="0" type="stmt"/>
            <line num="78" count="0" type="stmt"/>
            <line num="79" count="0" type="stmt"/>
            <line num="80" count="0" type="stmt"/>
            <line num="81" count="0" type="stmt"/>
            <line num="81" falsecount="0" type="cond" truecount="0"/>
            <line num="82" count="0" type="stmt"/>
            <line num="83" count="0" type="stmt"/>
            <line num="85" count="0" type="stmt"/>
            <line num="85" falsecount="0" type="cond" truecount="0"/>
            <line num="86" count="0" type="stmt"/>
            <line num="87" count="0" type="stmt"/>
            <line num="91" count="0" type="stmt"/>
            <line num="91" falsecount="0" type="cond" truecount="0"/>
            <line num="93" count="0" type="stmt"/>
            <line num="96" count="0" type="stmt"/>
            <line num="97" count="0" type="stmt"/>
            <line num="97" falsecount="0" type="cond" truecount="0"/>
            <line num="98" count="0" type="stmt"/>
            <line num="100" count="0" type="stmt"/>
            <line num="100" falsecount="0" type="cond" truecount="0"/>
            <line num="101" count="0" type="stmt"/>
            <line num="104" count="0" type="stmt"/>
            <line num="121" count="0" type="method"/>
            <line num="122" count="0" type="stmt"/>
            <line num="127" count="0" type="stmt"/>
            <line num="127" falsecount="0" type="cond" truecount="0"/>
            <line num="128" count="0" type="stmt"/>
            <line num="130" count="0" type="stmt"/>
            <line num="130" falsecount="0" type="cond" truecount="0"/>
            <line num="131" count="0" type="stmt"/>
            <line num="134" count="0" type="stmt"/>
            <line num="135" count="0" type="stmt"/>
         </file>
      </package>
      <package name="org.hackystat.sensor.ant.antbuild">
         <metrics classes="1" methods="10" conditionals="20" files="1" ncloc="147" coveredstatements="0" coveredmethods="0" coveredconditionals="0" statements="70" loc="254" coveredelements="0" elements="100"/>
         <file name="BuildSensorAntListener.java">
            <class name="BuildSensorAntListener">
               <metrics methods="10" conditionals="20" coveredstatements="0" coveredmethods="0" coveredconditionals="0" statements="70" coveredelements="0" elements="100"/>
            </class>
            <metrics classes="1" methods="10" conditionals="20" ncloc="147" coveredstatements="0" coveredmethods="0" coveredconditionals="0" statements="70" loc="254" coveredelements="0" elements="100"/>
            <line num="56" count="0" type="method"/>
            <line num="58" count="0" type="stmt"/>
            <line num="59" count="0" type="stmt"/>
            <line num="59" falsecount="0" type="cond" truecount="0"/>
            <line num="60" count="0" type="stmt"/>
            <line num="63" count="0" type="stmt"/>
            <line num="64" count="0" type="stmt"/>
            <line num="66" count="0" type="stmt"/>
            <line num="66" falsecount="0" type="cond" truecount="0"/>
            <line num="67" count="0" type="stmt"/>
            <line num="69" count="0" type="stmt"/>
            <line num="70" count="0" type="stmt"/>
            <line num="73" count="0" type="stmt"/>
            <line num="77" count="0" type="stmt"/>
            <line num="79" count="0" type="stmt"/>
            <line num="80" count="0" type="stmt"/>
            <line num="83" count="0" type="stmt"/>
            <line num="93" count="0" type="method"/>
            <line num="94" count="0" type="stmt"/>
            <line num="94" falsecount="0" type="cond" truecount="0"/>
            <line num="95" count="0" type="stmt"/>
            <line num="96" count="0" type="stmt"/>
            <line num="105" count="0" type="method"/>
            <line num="106" count="0" type="stmt"/>
            <line num="115" count="0" type="method"/>
            <line num="116" count="0" type="stmt"/>
            <line num="117" count="0" type="stmt"/>
            <line num="119" count="0" type="stmt"/>
            <line num="120" count="0" type="stmt"/>
            <line num="121" count="0" type="stmt"/>
            <line num="122" count="0" type="stmt"/>
            <line num="123" count="0" type="stmt"/>
            <line num="124" count="0" type="stmt"/>
            <line num="125" count="0" type="stmt"/>
            <line num="128" count="0" type="stmt"/>
            <line num="128" falsecount="0" type="cond" truecount="0"/>
            <line num="129" count="0" type="stmt"/>
            <line num="132" count="0" type="stmt"/>
            <line num="136" count="0" type="stmt"/>
            <line num="137" count="0" type="stmt"/>
            <line num="139" count="0" type="stmt"/>
            <line num="140" count="0" type="stmt"/>
            <line num="141" count="0" type="stmt"/>
            <line num="144" count="0" type="stmt"/>
            <line num="145" count="0" type="stmt"/>
            <line num="148" count="0" type="stmt"/>
            <line num="148" falsecount="0" type="cond" truecount="0"/>
            <line num="149" count="0" type="stmt"/>
            <line num="152" count="0" type="stmt"/>
            <line num="153" count="0" type="stmt"/>
            <line num="162" count="0" type="method"/>
            <line num="163" count="0" type="stmt"/>
            <line num="164" count="0" type="stmt"/>
            <line num="165" count="0" type="stmt"/>
            <line num="173" count="0" type="method"/>
            <line num="174" count="0" type="stmt"/>
            <line num="175" count="0" type="stmt"/>
            <line num="177" count="0" type="stmt"/>
            <line num="178" count="0" type="stmt"/>
            <line num="178" falsecount="0" type="cond" truecount="0"/>
            <line num="179" count="0" type="stmt"/>
            <line num="185" count="0" type="stmt"/>
            <line num="185" falsecount="0" type="cond" truecount="0"/>
            <line num="186" count="0" type="stmt"/>
            <line num="195" count="0" type="method"/>
            <line num="197" count="0" type="stmt"/>
            <line num="198" count="0" type="stmt"/>
            <line num="199" count="0" type="stmt"/>
            <line num="200" count="0" type="stmt"/>
            <line num="201" count="0" type="stmt"/>
            <line num="209" count="0" type="method"/>
            <line num="210" count="0" type="stmt"/>
            <line num="211" count="0" type="stmt"/>
            <line num="216" count="0" type="stmt"/>
            <line num="216" falsecount="0" type="cond" truecount="0"/>
            <line num="217" count="0" type="stmt"/>
            <line num="220" count="0" type="stmt"/>
            <line num="228" count="0" type="method"/>
            <line num="229" count="0" type="stmt"/>
            <line num="230" count="0" type="stmt"/>
            <line num="231" count="0" type="stmt"/>
            <line num="231" falsecount="0" type="cond" truecount="0"/>
            <line num="233" count="0" type="stmt"/>
            <line num="234" count="0" type="stmt"/>
            <line num="234" falsecount="0" type="cond" truecount="0"/>
            <line num="235" count="0" type="stmt"/>
            <line num="236" count="0" type="stmt"/>
            <line num="242" count="0" type="stmt"/>
            <line num="251" count="0" type="method"/>
            <line num="252" count="0" type="stmt"/>
         </file>
      </package>
      <package name="org.hackystat.sensor.ant.util">
         <metrics classes="2" methods="8" conditionals="20" files="2" ncloc="101" coveredstatements="15" coveredmethods="3" coveredconditionals="2" statements="47" loc="193" coveredelements="20" elements="75"/>
         <file name="LongTimeConverter.java">
            <class name="LongTimeConverter">
               <metrics methods="2" conditionals="0" coveredstatements="6" coveredmethods="1" coveredconditionals="0" statements="7" coveredelements="7" elements="9"/>
            </class>
            <metrics classes="1" methods="2" conditionals="0" ncloc="22" coveredstatements="6" coveredmethods="1" coveredconditionals="0" statements="7" loc="42" coveredelements="7" elements="9"/>
            <line num="20" count="0" type="method"/>
            <line num="30" count="1" type="method"/>
            <line num="31" count="1" type="stmt"/>
            <line num="32" count="1" type="stmt"/>
            <line num="33" count="1" type="stmt"/>
            <line num="34" count="1" type="stmt"/>
            <line num="35" count="1" type="stmt"/>
            <line num="36" count="1" type="stmt"/>
            <line num="39" count="0" type="stmt"/>
         </file>
         <file name="JavaClass2FilePathMapper.java">
            <class name="JavaClass2FilePathMapper">
               <metrics methods="6" conditionals="20" coveredstatements="9" coveredmethods="2" coveredconditionals="2" statements="40" coveredelements="13" elements="66"/>
            </class>
            <metrics classes="1" methods="6" conditionals="20" ncloc="79" coveredstatements="9" coveredmethods="2" coveredconditionals="2" statements="40" loc="151" coveredelements="13" elements="66"/>
            <line num="36" count="1" type="method"/>
            <line num="37" count="1" type="stmt"/>
            <line num="38" count="1" type="stmt"/>
            <line num="39" count="1" type="stmt"/>
            <line num="40" count="0" type="stmt"/>
            <line num="43" count="0" type="stmt"/>
            <line num="43" falsecount="0" type="cond" truecount="0"/>
            <line num="44" count="0" type="stmt"/>
            <line num="46" count="0" type="stmt"/>
            <line num="46" falsecount="0" type="cond" truecount="0"/>
            <line num="47" count="0" type="stmt"/>
            <line num="52" count="0" type="stmt"/>
            <line num="54" count="0" type="stmt"/>
            <line num="55" count="0" type="stmt"/>
            <line num="65" count="0" type="method"/>
            <line num="66" count="0" type="stmt"/>
            <line num="67" count="0" type="stmt"/>
            <line num="67" falsecount="0" type="cond" truecount="0"/>
            <line num="68" count="0" type="stmt"/>
            <line num="69" count="0" type="stmt"/>
            <line num="69" falsecount="0" type="cond" truecount="0"/>
            <line num="70" count="0" type="stmt"/>
            <line num="72" count="0" type="stmt"/>
            <line num="72" falsecount="0" type="cond" truecount="0"/>
            <line num="73" count="0" type="stmt"/>
            <line num="83" count="0" type="method"/>
            <line num="84" count="0" type="stmt"/>
            <line num="85" count="0" type="stmt"/>
            <line num="85" falsecount="0" type="cond" truecount="0"/>
            <line num="86" count="0" type="stmt"/>
            <line num="88" count="0" type="stmt"/>
            <line num="89" count="0" type="stmt"/>
            <line num="94" count="0" type="stmt"/>
            <line num="105" count="1" type="method"/>
            <line num="110" count="1" type="stmt"/>
            <line num="111" count="1" type="stmt"/>
            <line num="112" count="1" type="stmt"/>
            <line num="112" falsecount="1" type="cond" truecount="0"/>
            <line num="113" count="0" type="stmt"/>
            <line num="115" count="1" type="stmt"/>
            <line num="116" count="1" type="stmt"/>
            <line num="116" falsecount="1" type="cond" truecount="0"/>
            <line num="117" count="0" type="stmt"/>
            <line num="118" count="0" type="stmt"/>
            <line num="118" falsecount="0" type="cond" truecount="0"/>
            <line num="119" count="0" type="stmt"/>
            <line num="122" count="1" type="stmt"/>
            <line num="130" count="0" type="method"/>
            <line num="131" count="0" type="stmt"/>
            <line num="142" count="0" type="method"/>
            <line num="143" count="0" type="stmt"/>
            <line num="144" count="0" type="stmt"/>
            <line num="145" count="0" type="stmt"/>
            <line num="145" falsecount="0" type="cond" truecount="0"/>
            <line num="146" count="0" type="stmt"/>
            <line num="149" count="0" type="stmt"/>
         </file>
      </package>
      <package name="org.hackystat.sensor.ant.emma">
         <metrics classes="1" methods="13" conditionals="18" files="1" ncloc="198" coveredstatements="52" coveredmethods="4" coveredconditionals="4" statements="98" loc="347" coveredelements="60" elements="129"/>
         <file name="EmmaSensor.java">
            <class name="EmmaSensor">
               <metrics methods="13" conditionals="18" coveredstatements="52" coveredmethods="4" coveredconditionals="4" statements="98" coveredelements="60" elements="129"/>
            </class>
            <metrics classes="1" methods="13" conditionals="18" ncloc="198" coveredstatements="52" coveredmethods="4" coveredconditionals="4" statements="98" loc="347" coveredelements="60" elements="129"/>
            <line num="69" count="0" type="method"/>
            <line num="70" count="0" type="stmt"/>
            <line num="71" count="0" type="stmt"/>
            <line num="82" count="1" type="method"/>
            <line num="84" count="1" type="stmt"/>
            <line num="85" count="1" type="stmt"/>
            <line num="86" count="1" type="stmt"/>
            <line num="87" count="1" type="stmt"/>
            <line num="95" count="1" type="method"/>
            <line num="96" count="1" type="stmt"/>
            <line num="106" count="0" type="method"/>
            <line num="107" count="0" type="stmt"/>
            <line num="118" count="0" type="method"/>
            <line num="119" count="0" type="stmt"/>
            <line num="126" count="0" type="method"/>
            <line num="127" count="0" type="stmt"/>
            <line num="135" count="0" type="method"/>
            <line num="136" count="0" type="stmt"/>
            <line num="144" count="0" type="method"/>
            <line num="145" count="0" type="stmt"/>
            <line num="145" falsecount="0" type="cond" truecount="0"/>
            <line num="146" count="0" type="stmt"/>
            <line num="147" count="0" type="stmt"/>
            <line num="148" count="0" type="stmt"/>
            <line num="151" count="0" type="stmt"/>
            <line num="156" count="0" type="stmt"/>
            <line num="156" falsecount="0" type="cond" truecount="0"/>
            <line num="158" count="0" type="stmt"/>
            <line num="159" count="0" type="stmt"/>
            <line num="160" count="0" type="stmt"/>
            <line num="163" count="0" type="stmt"/>
            <line num="164" count="0" type="stmt"/>
            <line num="165" count="0" type="stmt"/>
            <line num="168" count="0" type="stmt"/>
            <line num="168" falsecount="0" type="cond" truecount="0"/>
            <line num="169" count="0" type="stmt"/>
            <line num="170" count="0" type="stmt"/>
            <line num="179" count="0" type="method"/>
            <line num="180" count="0" type="stmt"/>
            <line num="187" count="0" type="method"/>
            <line num="188" count="0" type="stmt"/>
            <line num="196" count="0" type="method"/>
            <line num="197" count="0" type="stmt"/>
            <line num="199" count="0" type="stmt"/>
            <line num="200" count="0" type="stmt"/>
            <line num="201" count="0" type="stmt"/>
            <line num="201" falsecount="0" type="cond" truecount="0"/>
            <line num="202" count="0" type="stmt"/>
            <line num="204" count="0" type="stmt"/>
            <line num="205" count="0" type="stmt"/>
            <line num="208" count="0" type="stmt"/>
            <line num="211" count="0" type="stmt"/>
            <line num="211" falsecount="0" type="cond" truecount="0"/>
            <line num="212" count="0" type="stmt"/>
            <line num="213" count="0" type="stmt"/>
            <line num="214" count="0" type="stmt"/>
            <line num="218" count="0" type="stmt"/>
            <line num="242" count="1" type="method"/>
            <line num="243" count="1" type="stmt"/>
            <line num="244" count="1" type="stmt"/>
            <line num="247" count="1" type="stmt"/>
            <line num="250" count="1" type="stmt"/>
            <line num="251" count="1" type="stmt"/>
            <line num="253" count="1" type="stmt"/>
            <line num="256" count="1" type="stmt"/>
            <line num="257" count="1" type="stmt"/>
            <line num="258" count="1" type="stmt"/>
            <line num="260" count="1" type="stmt"/>
            <line num="261" count="1" type="stmt"/>
            <line num="262" count="1" type="stmt"/>
            <line num="263" count="1" type="stmt"/>
            <line num="264" count="1" type="stmt"/>
            <line num="265" count="1" type="stmt"/>
            <line num="266" count="1" type="stmt"/>
            <line num="267" count="1" type="stmt"/>
            <line num="269" count="1" type="stmt"/>
            <line num="269" falsecount="0" type="cond" truecount="1"/>
            <line num="270" count="1" type="stmt"/>
            <line num="270" falsecount="1" type="cond" truecount="0"/>
            <line num="271" count="0" type="stmt"/>
            <line num="274" count="1" type="stmt"/>
            <line num="278" count="1" type="stmt"/>
            <line num="281" count="1" type="stmt"/>
            <line num="284" count="1" type="stmt"/>
            <line num="285" count="1" type="stmt"/>
            <line num="286" count="1" type="stmt"/>
            <line num="289" count="1" type="stmt"/>
            <line num="290" count="1" type="stmt"/>
            <line num="291" count="1" type="stmt"/>
            <line num="294" count="1" type="stmt"/>
            <line num="297" count="1" type="stmt"/>
            <line num="298" count="1" type="stmt"/>
            <line num="299" count="1" type="stmt"/>
            <line num="300" count="1" type="stmt"/>
            <line num="301" count="1" type="stmt"/>
            <line num="302" count="1" type="stmt"/>
            <line num="303" count="1" type="stmt"/>
            <line num="304" count="1" type="stmt"/>
            <line num="306" count="1" type="stmt"/>
            <line num="307" count="1" type="stmt"/>
            <line num="310" count="1" type="stmt"/>
            <line num="311" count="1" type="stmt"/>
            <line num="316" count="1" type="stmt"/>
            <line num="319" count="0" type="stmt"/>
            <line num="327" count="1" type="method"/>
            <line num="328" count="1" type="stmt"/>
            <line num="328" falsecount="1" type="cond" truecount="1"/>
            <line num="329" count="1" type="stmt"/>
            <line num="330" count="1" type="stmt"/>
            <line num="331" count="0" type="stmt"/>
            <line num="332" count="0" type="stmt"/>
            <line num="333" count="0" type="stmt"/>
            <line num="335" count="0" type="stmt"/>
            <line num="335" falsecount="0" type="cond" truecount="0"/>
            <line num="336" count="0" type="stmt"/>
            <line num="337" count="0" type="stmt"/>
            <line num="338" count="0" type="stmt"/>
            <line num="339" count="0" type="stmt"/>
            <line num="342" count="1" type="stmt"/>
            <line num="344" count="1" type="stmt"/>
         </file>
      </package>
      <package name="org.hackystat.sensor.ant.junit">
         <metrics classes="1" methods="14" conditionals="38" files="1" ncloc="236" coveredstatements="63" coveredmethods="5" coveredconditionals="14" statements="124" loc="407" coveredelements="82" elements="176"/>
         <file name="JUnitSensor.java">
            <class name="JUnitSensor">
               <metrics methods="14" conditionals="38" coveredstatements="63" coveredmethods="5" coveredconditionals="14" statements="124" coveredelements="82" elements="176"/>
            </class>
            <metrics classes="1" methods="14" conditionals="38" ncloc="236" coveredstatements="63" coveredmethods="5" coveredconditionals="14" statements="124" loc="407" coveredelements="82" elements="176"/>
            <line num="70" count="0" type="method"/>
            <line num="71" count="0" type="stmt"/>
            <line num="72" count="0" type="stmt"/>
            <line num="73" count="0" type="stmt"/>
            <line num="85" count="1" type="method"/>
            <line num="86" count="1" type="stmt"/>
            <line num="87" count="1" type="stmt"/>
            <line num="88" count="1" type="stmt"/>
            <line num="89" count="1" type="stmt"/>
            <line num="90" count="1" type="stmt"/>
            <line num="99" count="1" type="method"/>
            <line num="100" count="1" type="stmt"/>
            <line num="108" count="1" type="method"/>
            <line num="109" count="1" type="stmt"/>
            <line num="110" count="1" type="stmt"/>
            <line num="111" count="1" type="stmt"/>
            <line num="115" count="0" type="stmt"/>
            <line num="126" count="0" type="method"/>
            <line num="127" count="0" type="stmt"/>
            <line num="138" count="0" type="method"/>
            <line num="139" count="0" type="stmt"/>
            <line num="148" count="0" type="method"/>
            <line num="150" count="0" type="stmt"/>
            <line num="152" count="0" type="stmt"/>
            <line num="154" count="0" type="stmt"/>
            <line num="155" count="0" type="stmt"/>
            <line num="157" count="0" type="stmt"/>
            <line num="160" count="0" type="stmt"/>
            <line num="160" falsecount="0" type="cond" truecount="0"/>
            <line num="162" count="0" type="stmt"/>
            <line num="163" count="0" type="stmt"/>
            <line num="163" falsecount="0" type="cond" truecount="0"/>
            <line num="164" count="0" type="stmt"/>
            <line num="166" count="0" type="stmt"/>
            <line num="169" count="0" type="stmt"/>
            <line num="169" falsecount="0" type="cond" truecount="0"/>
            <line num="170" count="0" type="stmt"/>
            <line num="171" count="0" type="stmt"/>
            <line num="172" count="0" type="stmt"/>
            <line num="172" falsecount="0" type="cond" truecount="0"/>
            <line num="174" count="0" type="stmt"/>
            <line num="179" count="0" type="stmt"/>
            <line num="183" count="0" type="stmt"/>
            <line num="183" falsecount="0" type="cond" truecount="0"/>
            <line num="184" count="0" type="stmt"/>
            <line num="187" count="0" type="stmt"/>
            <line num="191" count="0" type="stmt"/>
            <line num="194" count="0" type="stmt"/>
            <line num="203" count="0" type="method"/>
            <line num="204" count="0" type="stmt"/>
            <line num="204" falsecount="0" type="cond" truecount="0"/>
            <line num="205" count="0" type="stmt"/>
            <line num="206" count="0" type="stmt"/>
            <line num="207" count="0" type="stmt"/>
            <line num="210" count="0" type="stmt"/>
            <line num="215" count="0" type="stmt"/>
            <line num="215" falsecount="0" type="cond" truecount="0"/>
            <line num="217" count="0" type="stmt"/>
            <line num="218" count="0" type="stmt"/>
            <line num="219" count="0" type="stmt"/>
            <line num="222" count="0" type="stmt"/>
            <line num="223" count="0" type="stmt"/>
            <line num="224" count="0" type="stmt"/>
            <line num="227" count="0" type="stmt"/>
            <line num="227" falsecount="0" type="cond" truecount="0"/>
            <line num="228" count="0" type="stmt"/>
            <line num="229" count="0" type="stmt"/>
            <line num="239" count="0" type="method"/>
            <line num="240" count="0" type="stmt"/>
            <line num="248" count="0" type="method"/>
            <line num="249" count="0" type="stmt"/>
            <line num="259" count="1" type="method"/>
            <line num="260" count="1" type="stmt"/>
            <line num="261" count="1" type="stmt"/>
            <line num="263" count="1" type="stmt"/>
            <line num="264" count="1" type="stmt"/>
            <line num="266" count="1" type="stmt"/>
            <line num="269" count="1" type="stmt"/>
            <line num="271" count="1" type="stmt"/>
            <line num="274" count="1" type="stmt"/>
            <line num="276" count="1" type="stmt"/>
            <line num="277" count="1" type="stmt"/>
            <line num="279" count="1" type="stmt"/>
            <line num="282" count="1" type="stmt"/>
            <line num="283" count="1" type="stmt"/>
            <line num="287" count="1" type="stmt"/>
            <line num="288" count="1" type="stmt"/>
            <line num="289" count="1" type="stmt"/>
            <line num="289" falsecount="1" type="cond" truecount="0"/>
            <line num="290" count="0" type="stmt"/>
            <line num="295" count="1" type="stmt"/>
            <line num="296" count="1" type="stmt"/>
            <line num="297" count="1" type="stmt"/>
            <line num="297" falsecount="1" type="cond" truecount="1"/>
            <line num="298" count="1" type="stmt"/>
            <line num="301" count="1" type="stmt"/>
            <line num="302" count="1" type="stmt"/>
            <line num="302" falsecount="1" type="cond" truecount="1"/>
            <line num="303" count="1" type="stmt"/>
            <line num="306" count="1" type="stmt"/>
            <line num="308" count="1" type="stmt"/>
            <line num="311" count="1" type="stmt"/>
            <line num="314" count="1" type="stmt"/>
            <line num="315" count="1" type="stmt"/>
            <line num="316" count="1" type="stmt"/>
            <line num="317" count="1" type="stmt"/>
            <line num="320" count="1" type="stmt"/>
            <line num="321" count="1" type="stmt"/>
            <line num="322" count="1" type="stmt"/>
            <line num="323" count="1" type="stmt"/>
            <line num="324" count="1" type="stmt"/>
            <line num="327" count="1" type="stmt"/>
            <line num="328" count="1" type="stmt"/>
            <line num="329" count="1" type="stmt"/>
            <line num="331" count="1" type="stmt"/>
            <line num="331" falsecount="1" type="cond" truecount="1"/>
            <line num="332" count="1" type="stmt"/>
            <line num="335" count="1" type="stmt"/>
            <line num="335" falsecount="1" type="cond" truecount="0"/>
            <line num="336" count="0" type="stmt"/>
            <line num="339" count="1" type="stmt"/>
            <line num="341" count="1" type="stmt"/>
            <line num="344" count="0" type="stmt"/>
            <line num="354" count="1" type="method"/>
            <line num="355" count="1" type="stmt"/>
            <line num="355" falsecount="1" type="cond" truecount="0"/>
            <line num="356" count="1" type="stmt"/>
            <line num="356" falsecount="0" type="cond" truecount="1"/>
            <line num="357" count="1" type="stmt"/>
            <line num="361" count="1" type="stmt"/>
            <line num="362" count="1" type="stmt"/>
            <line num="363" count="1" type="stmt"/>
            <line num="363" falsecount="1" type="cond" truecount="1"/>
            <line num="364" count="1" type="stmt"/>
            <line num="365" count="1" type="stmt"/>
            <line num="365" falsecount="1" type="cond" truecount="1"/>
            <line num="366" count="1" type="stmt"/>
            <line num="370" count="1" type="stmt"/>
            <line num="371" count="1" type="stmt"/>
            <line num="380" count="0" type="method"/>
            <line num="381" count="0" type="stmt"/>
            <line num="389" count="0" type="method"/>
            <line num="390" count="0" type="stmt"/>
            <line num="391" count="0" type="stmt"/>
            <line num="392" count="0" type="stmt"/>
            <line num="392" falsecount="0" type="cond" truecount="0"/>
            <line num="393" count="0" type="stmt"/>
            <line num="394" count="0" type="stmt"/>
            <line num="395" count="0" type="stmt"/>
            <line num="396" count="0" type="stmt"/>
            <line num="398" count="0" type="stmt"/>
            <line num="398" falsecount="0" type="cond" truecount="0"/>
            <line num="399" count="0" type="stmt"/>
            <line num="400" count="0" type="stmt"/>
            <line num="401" count="0" type="stmt"/>
            <line num="402" count="0" type="stmt"/>
            <line num="405" count="0" type="stmt"/>
         </file>
      </package>
      <package name="org.hackystat.sensor.ant.checkstyle">
         <metrics classes="1" methods="12" conditionals="20" files="1" ncloc="194" coveredstatements="40" coveredmethods="3" coveredconditionals="2" statements="97" loc="335" coveredelements="45" elements="129"/>
         <file name="CheckstyleSensor.java">
            <class name="CheckstyleSensor">
               <metrics methods="12" conditionals="20" coveredstatements="40" coveredmethods="3" coveredconditionals="2" statements="97" coveredelements="45" elements="129"/>
            </class>
            <metrics classes="1" methods="12" conditionals="20" ncloc="194" coveredstatements="40" coveredmethods="3" coveredconditionals="2" statements="97" loc="335" coveredelements="45" elements="129"/>
            <line num="65" count="0" type="method"/>
            <line num="66" count="0" type="stmt"/>
            <line num="67" count="0" type="stmt"/>
            <line num="68" count="0" type="stmt"/>
            <line num="80" count="1" type="method"/>
            <line num="81" count="1" type="stmt"/>
            <line num="82" count="1" type="stmt"/>
            <line num="83" count="1" type="stmt"/>
            <line num="84" count="1" type="stmt"/>
            <line num="85" count="1" type="stmt"/>
            <line num="93" count="0" type="method"/>
            <line num="94" count="0" type="stmt"/>
            <line num="94" falsecount="0" type="cond" truecount="0"/>
            <line num="95" count="0" type="stmt"/>
            <line num="96" count="0" type="stmt"/>
            <line num="97" count="0" type="stmt"/>
            <line num="100" count="0" type="stmt"/>
            <line num="105" count="0" type="stmt"/>
            <line num="105" falsecount="0" type="cond" truecount="0"/>
            <line num="107" count="0" type="stmt"/>
            <line num="108" count="0" type="stmt"/>
            <line num="109" count="0" type="stmt"/>
            <line num="112" count="0" type="stmt"/>
            <line num="113" count="0" type="stmt"/>
            <line num="114" count="0" type="stmt"/>
            <line num="117" count="0" type="stmt"/>
            <line num="117" falsecount="0" type="cond" truecount="0"/>
            <line num="118" count="0" type="stmt"/>
            <line num="119" count="0" type="stmt"/>
            <line num="130" count="1" type="method"/>
            <line num="131" count="1" type="stmt"/>
            <line num="141" count="0" type="method"/>
            <line num="142" count="0" type="stmt"/>
            <line num="153" count="0" type="method"/>
            <line num="154" count="0" type="stmt"/>
            <line num="163" count="0" type="method"/>
            <line num="164" count="0" type="stmt"/>
            <line num="166" count="0" type="stmt"/>
            <line num="167" count="0" type="stmt"/>
            <line num="169" count="0" type="stmt"/>
            <line num="171" count="0" type="stmt"/>
            <line num="172" count="0" type="stmt"/>
            <line num="173" count="0" type="stmt"/>
            <line num="173" falsecount="0" type="cond" truecount="0"/>
            <line num="174" count="0" type="stmt"/>
            <line num="176" count="0" type="stmt"/>
            <line num="177" count="0" type="stmt"/>
            <line num="181" count="0" type="stmt"/>
            <line num="184" count="0" type="stmt"/>
            <line num="184" falsecount="0" type="cond" truecount="0"/>
            <line num="185" count="0" type="stmt"/>
            <line num="186" count="0" type="stmt"/>
            <line num="187" count="0" type="stmt"/>
            <line num="187" falsecount="0" type="cond" truecount="0"/>
            <line num="189" count="0" type="stmt"/>
            <line num="194" count="0" type="stmt"/>
            <line num="198" count="0" type="stmt"/>
            <line num="198" falsecount="0" type="cond" truecount="0"/>
            <line num="199" count="0" type="stmt"/>
            <line num="202" count="0" type="stmt"/>
            <line num="211" count="0" type="method"/>
            <line num="212" count="0" type="stmt"/>
            <line num="222" count="1" type="method"/>
            <line num="223" count="1" type="stmt"/>
            <line num="224" count="1" type="stmt"/>
            <line num="225" count="1" type="stmt"/>
            <line num="226" count="1" type="stmt"/>
            <line num="228" count="1" type="stmt"/>
            <line num="230" count="1" type="stmt"/>
            <line num="232" count="1" type="stmt"/>
            <line num="235" count="1" type="stmt"/>
            <line num="236" count="1" type="stmt"/>
            <line num="238" count="1" type="stmt"/>
            <line num="241" count="1" type="stmt"/>
            <line num="244" count="1" type="stmt"/>
            <line num="248" count="1" type="stmt"/>
            <line num="249" count="1" type="stmt"/>
            <line num="250" count="1" type="stmt"/>
            <line num="251" count="1" type="stmt"/>
            <line num="252" count="1" type="stmt"/>
            <line num="253" count="1" type="stmt"/>
            <line num="255" count="1" type="stmt"/>
            <line num="258" count="1" type="stmt"/>
            <line num="261" count="1" type="stmt"/>
            <line num="262" count="1" type="stmt"/>
            <line num="264" count="1" type="stmt"/>
            <line num="265" count="1" type="stmt"/>
            <line num="267" count="1" type="stmt"/>
            <line num="267" falsecount="1" type="cond" truecount="1"/>
            <line num="268" count="1" type="stmt"/>
            <line num="269" count="1" type="stmt"/>
            <line num="273" count="1" type="stmt"/>
            <line num="278" count="1" type="stmt"/>
            <line num="279" count="1" type="stmt"/>
            <line num="280" count="1" type="stmt"/>
            <line num="283" count="1" type="stmt"/>
            <line num="284" count="1" type="stmt"/>
            <line num="286" count="1" type="stmt"/>
            <line num="289" count="0" type="stmt"/>
            <line num="299" count="0" type="method"/>
            <line num="300" count="0" type="stmt"/>
            <line num="308" count="0" type="method"/>
            <line num="309" count="0" type="stmt"/>
            <line num="310" count="0" type="stmt"/>
            <line num="311" count="0" type="stmt"/>
            <line num="311" falsecount="0" type="cond" truecount="0"/>
            <line num="312" count="0" type="stmt"/>
            <line num="313" count="0" type="stmt"/>
            <line num="314" count="0" type="stmt"/>
            <line num="315" count="0" type="stmt"/>
            <line num="317" count="0" type="stmt"/>
            <line num="317" falsecount="0" type="cond" truecount="0"/>
            <line num="318" count="0" type="stmt"/>
            <line num="319" count="0" type="stmt"/>
            <line num="320" count="0" type="stmt"/>
            <line num="321" count="0" type="stmt"/>
            <line num="324" count="0" type="stmt"/>
            <line num="332" count="0" type="method"/>
            <line num="333" count="0" type="stmt"/>
         </file>
      </package>
      <package name="org.hackystat.sensor.ant.findbugs">
         <metrics classes="1" methods="13" conditionals="30" files="1" ncloc="241" coveredstatements="68" coveredmethods="4" coveredconditionals="7" statements="128" loc="391" coveredelements="79" elements="171"/>
         <file name="FindBugsSensor.java">
            <class name="FindBugsSensor">
               <metrics methods="13" conditionals="30" coveredstatements="68" coveredmethods="4" coveredconditionals="7" statements="128" coveredelements="79" elements="171"/>
            </class>
            <metrics classes="1" methods="13" conditionals="30" ncloc="241" coveredstatements="68" coveredmethods="4" coveredconditionals="7" statements="128" loc="391" coveredelements="79" elements="171"/>
            <line num="59" count="0" type="method"/>
            <line num="60" count="0" type="stmt"/>
            <line num="61" count="0" type="stmt"/>
            <line num="73" count="1" type="method"/>
            <line num="74" count="1" type="stmt"/>
            <line num="75" count="1" type="stmt"/>
            <line num="76" count="1" type="stmt"/>
            <line num="77" count="1" type="stmt"/>
            <line num="86" count="1" type="method"/>
            <line num="87" count="1" type="stmt"/>
            <line num="97" count="0" type="method"/>
            <line num="98" count="0" type="stmt"/>
            <line num="109" count="0" type="method"/>
            <line num="110" count="0" type="stmt"/>
            <line num="119" count="0" type="method"/>
            <line num="121" count="0" type="stmt"/>
            <line num="123" count="0" type="stmt"/>
            <line num="125" count="0" type="stmt"/>
            <line num="126" count="0" type="stmt"/>
            <line num="128" count="0" type="stmt"/>
            <line num="131" count="0" type="stmt"/>
            <line num="131" falsecount="0" type="cond" truecount="0"/>
            <line num="133" count="0" type="stmt"/>
            <line num="134" count="0" type="stmt"/>
            <line num="134" falsecount="0" type="cond" truecount="0"/>
            <line num="135" count="0" type="stmt"/>
            <line num="137" count="0" type="stmt"/>
            <line num="140" count="0" type="stmt"/>
            <line num="140" falsecount="0" type="cond" truecount="0"/>
            <line num="141" count="0" type="stmt"/>
            <line num="142" count="0" type="stmt"/>
            <line num="143" count="0" type="stmt"/>
            <line num="143" falsecount="0" type="cond" truecount="0"/>
            <line num="145" count="0" type="stmt"/>
            <line num="150" count="0" type="stmt"/>
            <line num="154" count="0" type="stmt"/>
            <line num="154" falsecount="0" type="cond" truecount="0"/>
            <line num="155" count="0" type="stmt"/>
            <line num="158" count="0" type="stmt"/>
            <line num="162" count="0" type="stmt"/>
            <line num="165" count="0" type="stmt"/>
            <line num="174" count="0" type="method"/>
            <line num="175" count="0" type="stmt"/>
            <line num="175" falsecount="0" type="cond" truecount="0"/>
            <line num="176" count="0" type="stmt"/>
            <line num="177" count="0" type="stmt"/>
            <line num="178" count="0" type="stmt"/>
            <line num="181" count="0" type="stmt"/>
            <line num="186" count="0" type="stmt"/>
            <line num="186" falsecount="0" type="cond" truecount="0"/>
            <line num="188" count="0" type="stmt"/>
            <line num="189" count="0" type="stmt"/>
            <line num="190" count="0" type="stmt"/>
            <line num="193" count="0" type="stmt"/>
            <line num="194" count="0" type="stmt"/>
            <line num="195" count="0" type="stmt"/>
            <line num="198" count="0" type="stmt"/>
            <line num="198" falsecount="0" type="cond" truecount="0"/>
            <line num="199" count="0" type="stmt"/>
            <line num="200" count="0" type="stmt"/>
            <line num="209" count="0" type="method"/>
            <line num="210" count="0" type="stmt"/>
            <line num="217" count="0" type="method"/>
            <line num="218" count="0" type="stmt"/>
            <line num="228" count="1" type="method"/>
            <line num="229" count="1" type="stmt"/>
            <line num="231" count="1" type="stmt"/>
            <line num="234" count="1" type="stmt"/>
            <line num="236" count="1" type="stmt"/>
            <line num="237" count="1" type="stmt"/>
            <line num="239" count="1" type="stmt"/>
            <line num="241" count="1" type="stmt"/>
            <line num="242" count="1" type="stmt"/>
            <line num="244" count="1" type="stmt"/>
            <line num="247" count="1" type="stmt"/>
            <line num="248" count="1" type="stmt"/>
            <line num="249" count="1" type="stmt"/>
            <line num="250" count="1" type="stmt"/>
            <line num="252" count="1" type="stmt"/>
            <line num="252" falsecount="1" type="cond" truecount="1"/>
            <line num="253" count="1" type="stmt"/>
            <line num="254" count="1" type="stmt"/>
            <line num="257" count="1" type="stmt"/>
            <line num="258" count="1" type="stmt"/>
            <line num="259" count="1" type="stmt"/>
            <line num="264" count="1" type="stmt"/>
            <line num="265" count="1" type="stmt"/>
            <line num="267" count="1" type="stmt"/>
            <line num="270" count="1" type="stmt"/>
            <line num="273" count="1" type="stmt"/>
            <line num="274" count="1" type="stmt"/>
            <line num="275" count="1" type="stmt"/>
            <line num="276" count="1" type="stmt"/>
            <line num="277" count="1" type="stmt"/>
            <line num="278" count="1" type="stmt"/>
            <line num="280" count="1" type="stmt"/>
            <line num="281" count="1" type="stmt"/>
            <line num="282" count="1" type="stmt"/>
            <line num="283" count="1" type="stmt"/>
            <line num="284" count="1" type="stmt"/>
            <line num="286" count="1" type="stmt"/>
            <line num="286" falsecount="1" type="cond" truecount="1"/>
            <line num="287" count="1" type="stmt"/>
            <line num="288" count="1" type="stmt"/>
            <line num="292" count="1" type="stmt"/>
            <line num="295" count="1" type="stmt"/>
            <line num="296" count="1" type="stmt"/>
            <line num="297" count="1" type="stmt"/>
            <line num="300" count="1" type="stmt"/>
            <line num="301" count="1" type="stmt"/>
            <line num="305" count="1" type="stmt"/>
            <line num="306" count="1" type="stmt"/>
            <line num="308" count="1" type="stmt"/>
            <line num="311" count="1" type="stmt"/>
            <line num="314" count="1" type="stmt"/>
            <line num="316" count="1" type="stmt"/>
            <line num="317" count="1" type="stmt"/>
            <line num="318" count="1" type="stmt"/>
            <line num="319" count="1" type="stmt"/>
            <line num="320" count="1" type="stmt"/>
            <line num="322" count="1" type="stmt"/>
            <line num="323" count="1" type="stmt"/>
            <line num="326" count="1" type="stmt"/>
            <line num="329" count="0" type="stmt"/>
            <line num="330" count="0" type="stmt"/>
            <line num="343" count="1" type="method"/>
            <line num="344" count="1" type="stmt"/>
            <line num="345" count="1" type="stmt"/>
            <line num="345" falsecount="1" type="cond" truecount="0"/>
            <line num="346" count="0" type="stmt"/>
            <line num="348" count="1" type="stmt"/>
            <line num="349" count="1" type="stmt"/>
            <line num="349" falsecount="0" type="cond" truecount="1"/>
            <line num="350" count="1" type="stmt"/>
            <line num="352" count="1" type="stmt"/>
            <line num="352" falsecount="0" type="cond" truecount="1"/>
            <line num="353" count="1" type="stmt"/>
            <line num="356" count="0" type="stmt"/>
            <line num="365" count="0" type="method"/>
            <line num="366" count="0" type="stmt"/>
            <line num="373" count="0" type="method"/>
            <line num="374" count="0" type="stmt"/>
            <line num="375" count="0" type="stmt"/>
            <line num="376" count="0" type="stmt"/>
            <line num="376" falsecount="0" type="cond" truecount="0"/>
            <line num="377" count="0" type="stmt"/>
            <line num="378" count="0" type="stmt"/>
            <line num="379" count="0" type="stmt"/>
            <line num="380" count="0" type="stmt"/>
            <line num="382" count="0" type="stmt"/>
            <line num="382" falsecount="0" type="cond" truecount="0"/>
            <line num="383" count="0" type="stmt"/>
            <line num="384" count="0" type="stmt"/>
            <line num="385" count="0" type="stmt"/>
            <line num="386" count="0" type="stmt"/>
            <line num="389" count="0" type="stmt"/>
         </file>
      </package>
   </project>
   <testproject timestamp="1195419924262">
      <metrics conditionals="44" methods="24" classes="7" files="7" coveredstatements="103" packages="7" loc="763" ncloc="334" coveredmethods="14" coveredconditionals="37" statements="155" coveredelements="154" elements="223"/>
      <package name="org.hackystat.sensor.ant.pmd">
         <metrics classes="1" methods="4" conditionals="8" files="1" ncloc="65" coveredstatements="24" coveredmethods="2" coveredconditionals="7" statements="33" loc="105" coveredelements="33" elements="45"/>
         <file name="TestPmdSensor.java">
            <class name="TestPmdSensor">
               <metrics methods="4" conditionals="8" coveredstatements="24" coveredmethods="2" coveredconditionals="7" statements="33" coveredelements="33" elements="45"/>
            </class>
            <metrics classes="1" methods="4" conditionals="8" ncloc="65" coveredstatements="24" coveredmethods="2" coveredconditionals="7" statements="33" loc="105" coveredelements="33" elements="45"/>
            <line num="34" count="0" type="method"/>
            <line num="35" count="0" type="stmt"/>
            <line num="36" count="0" type="stmt"/>
            <line num="37" count="0" type="stmt"/>
            <line num="44" count="0" type="method"/>
            <line num="46" count="0" type="stmt"/>
            <line num="48" count="0" type="stmt"/>
            <line num="49" count="0" type="stmt"/>
            <line num="50" count="0" type="stmt"/>
            <line num="53" count="0" type="stmt"/>
            <line num="62" count="1" type="method"/>
            <line num="63" count="1" type="stmt"/>
            <line num="65" count="1" type="stmt"/>
            <line num="66" count="1" type="stmt"/>
            <line num="68" count="1" type="stmt"/>
            <line num="69" count="1" type="stmt"/>
            <line num="70" count="1" type="stmt"/>
            <line num="71" count="1" type="stmt"/>
            <line num="72" count="1" type="stmt"/>
            <line num="73" count="1" type="stmt"/>
            <line num="74" count="1" type="stmt"/>
            <line num="75" count="1" type="stmt"/>
            <line num="76" count="1" type="stmt"/>
            <line num="78" count="1" type="stmt"/>
            <line num="79" count="1" type="stmt"/>
            <line num="79" falsecount="1" type="cond" truecount="0"/>
            <line num="80" count="0" type="stmt"/>
            <line num="83" count="1" type="stmt"/>
            <line num="85" count="1" type="stmt"/>
            <line num="86" count="1" type="method"/>
            <line num="87" count="1" type="stmt"/>
            <line num="87" falsecount="1" type="cond" truecount="1"/>
            <line num="88" count="1" type="stmt"/>
            <line num="90" count="1" type="stmt"/>
            <line num="95" count="1" type="stmt"/>
            <line num="95" falsecount="1" type="cond" truecount="1"/>
            <line num="96" count="1" type="stmt"/>
            <line num="96" falsecount="1" type="cond" truecount="1"/>
            <line num="97" count="1" type="stmt"/>
            <line num="99" count="1" type="stmt"/>
            <line num="101" count="1" type="stmt"/>
         </file>
      </package>
      <package name="org.hackystat.sensor.ant.vcs">
         <metrics classes="1" methods="2" conditionals="0" files="1" ncloc="16" coveredstatements="8" coveredmethods="2" coveredconditionals="0" statements="8" loc="35" coveredelements="10" elements="10"/>
         <file name="TestGenericSizeCounter.java">
            <class name="TestGenericSizeCounter">
               <metrics methods="2" conditionals="0" coveredstatements="8" coveredmethods="2" coveredconditionals="0" statements="8" coveredelements="10" elements="10"/>
            </class>
            <metrics classes="1" methods="2" conditionals="0" ncloc="16" coveredstatements="8" coveredmethods="2" coveredconditionals="0" statements="8" loc="35" coveredelements="10" elements="10"/>
            <line num="17" count="1" type="method"/>
            <line num="18" count="1" type="stmt"/>
            <line num="20" count="1" type="stmt"/>
            <line num="21" count="1" type="stmt"/>
            <line num="22" count="1" type="stmt"/>
            <line num="29" count="1" type="method"/>
            <line num="30" count="1" type="stmt"/>
            <line num="31" count="1" type="stmt"/>
            <line num="32" count="1" type="stmt"/>
            <line num="33" count="1" type="stmt"/>
         </file>
      </package>
      <package name="org.hackystat.sensor.ant.svn">
         <metrics classes="1" methods="2" conditionals="4" files="1" ncloc="30" coveredstatements="6" coveredmethods="2" coveredconditionals="2" statements="11" loc="230" coveredelements="10" elements="17"/>
         <file name="TestAll.java">
            <class name="TestAll">
               <metrics methods="2" conditionals="4" coveredstatements="6" coveredmethods="2" coveredconditionals="2" statements="11" coveredelements="10" elements="17"/>
            </class>
            <metrics classes="1" methods="2" conditionals="4" ncloc="30" coveredstatements="6" coveredmethods="2" coveredconditionals="2" statements="11" loc="230" coveredelements="10" elements="17"/>
            <line num="24" count="1" type="method"/>
            <line num="28" count="1" type="stmt"/>
            <line num="29" count="1" type="stmt"/>
            <line num="29" falsecount="0" type="cond" truecount="1"/>
            <line num="30" count="1" type="stmt"/>
            <line num="33" count="1" type="stmt"/>
            <line num="36" count="0" type="stmt"/>
            <line num="37" count="0" type="stmt"/>
            <line num="46" count="1" type="method"/>
            <line num="47" count="1" type="stmt"/>
            <line num="47" falsecount="0" type="cond" truecount="1"/>
            <line num="48" count="1" type="stmt"/>
            <line num="50" count="0" type="stmt"/>
            <line num="51" count="0" type="stmt"/>
            <line num="53" count="0" type="stmt"/>
         </file>
      </package>
      <package name="org.hackystat.sensor.ant.emma">
         <metrics classes="1" methods="4" conditionals="8" files="1" ncloc="54" coveredstatements="16" coveredmethods="2" coveredconditionals="7" statements="25" loc="97" coveredelements="25" elements="37"/>
         <file name="TestEmmaSensor.java">
            <class name="TestEmmaSensor">
               <metrics methods="4" conditionals="8" coveredstatements="16" coveredmethods="2" coveredconditionals="7" statements="25" coveredelements="25" elements="37"/>
            </class>
            <metrics classes="1" methods="4" conditionals="8" ncloc="54" coveredstatements="16" coveredmethods="2" coveredconditionals="7" statements="25" loc="97" coveredelements="25" elements="37"/>
            <line num="31" count="0" type="method"/>
            <line num="32" count="0" type="stmt"/>
            <line num="33" count="0" type="stmt"/>
            <line num="34" count="0" type="stmt"/>
            <line num="41" count="0" type="method"/>
            <line num="43" count="0" type="stmt"/>
            <line num="45" count="0" type="stmt"/>
            <line num="46" count="0" type="stmt"/>
            <line num="47" count="0" type="stmt"/>
            <line num="50" count="0" type="stmt"/>
            <line num="60" count="1" type="method"/>
            <line num="61" count="1" type="stmt"/>
            <line num="62" count="1" type="stmt"/>
            <line num="66" count="1" type="stmt"/>
            <line num="67" count="1" type="stmt"/>
            <line num="69" count="1" type="stmt"/>
            <line num="69" falsecount="1" type="cond" truecount="0"/>
            <line num="70" count="0" type="stmt"/>
            <line num="73" count="1" type="stmt"/>
            <line num="76" count="1" type="stmt"/>
            <line num="77" count="1" type="method"/>
            <line num="78" count="1" type="stmt"/>
            <line num="78" falsecount="1" type="cond" truecount="1"/>
            <line num="79" count="1" type="stmt"/>
            <line num="81" count="1" type="stmt"/>
            <line num="85" count="1" type="stmt"/>
            <line num="87" count="1" type="stmt"/>
            <line num="87" falsecount="1" type="cond" truecount="1"/>
            <line num="88" count="1" type="stmt"/>
            <line num="88" falsecount="1" type="cond" truecount="1"/>
            <line num="89" count="1" type="stmt"/>
            <line num="91" count="1" type="stmt"/>
            <line num="95" count="1" type="stmt"/>
         </file>
      </package>
      <package name="org.hackystat.sensor.ant.junit">
         <metrics classes="1" methods="4" conditionals="8" files="1" ncloc="61" coveredstatements="17" coveredmethods="2" coveredconditionals="7" statements="28" loc="104" coveredelements="26" elements="40"/>
         <file name="TestJUnitSensor.java">
            <class name="TestJUnitSensor">
               <metrics methods="4" conditionals="8" coveredstatements="17" coveredmethods="2" coveredconditionals="7" statements="28" coveredelements="26" elements="40"/>
            </class>
            <metrics classes="1" methods="4" conditionals="8" ncloc="61" coveredstatements="17" coveredmethods="2" coveredconditionals="7" statements="28" loc="104" coveredelements="26" elements="40"/>
            <line num="35" count="0" type="method"/>
            <line num="37" count="0" type="stmt"/>
            <line num="38" count="0" type="stmt"/>
            <line num="39" count="0" type="stmt"/>
            <line num="40" count="0" type="stmt"/>
            <line num="41" count="0" type="stmt"/>
            <line num="49" count="0" type="method"/>
            <line num="52" count="0" type="stmt"/>
            <line num="54" count="0" type="stmt"/>
            <line num="55" count="0" type="stmt"/>
            <line num="56" count="0" type="stmt"/>
            <line num="59" count="0" type="stmt"/>
            <line num="68" count="1" type="method"/>
            <line num="69" count="1" type="stmt"/>
            <line num="70" count="1" type="stmt"/>
            <line num="71" count="1" type="stmt"/>
            <line num="73" count="1" type="stmt"/>
            <line num="74" count="1" type="stmt"/>
            <line num="76" count="1" type="stmt"/>
            <line num="76" falsecount="1" type="cond" truecount="0"/>
            <line num="77" count="0" type="stmt"/>
            <line num="80" count="1" type="stmt"/>
            <line num="83" count="1" type="stmt"/>
            <line num="84" count="1" type="method"/>
            <line num="85" count="1" type="stmt"/>
            <line num="85" falsecount="1" type="cond" truecount="1"/>
            <line num="86" count="1" type="stmt"/>
            <line num="88" count="1" type="stmt"/>
            <line num="92" count="1" type="stmt"/>
            <line num="94" count="1" type="stmt"/>
            <line num="94" falsecount="1" type="cond" truecount="1"/>
            <line num="95" count="1" type="stmt"/>
            <line num="95" falsecount="1" type="cond" truecount="1"/>
            <line num="96" count="1" type="stmt"/>
            <line num="98" count="1" type="stmt"/>
            <line num="102" count="1" type="stmt"/>
         </file>
      </package>
      <package name="org.hackystat.sensor.ant.checkstyle">
         <metrics classes="1" methods="4" conditionals="8" files="1" ncloc="54" coveredstatements="16" coveredmethods="2" coveredconditionals="7" statements="25" loc="95" coveredelements="25" elements="37"/>
         <file name="TestCheckstyleSensor.java">
            <class name="TestCheckstyleSensor">
               <metrics methods="4" conditionals="8" coveredstatements="16" coveredmethods="2" coveredconditionals="7" statements="25" coveredelements="25" elements="37"/>
            </class>
            <metrics classes="1" methods="4" conditionals="8" ncloc="54" coveredstatements="16" coveredmethods="2" coveredconditionals="7" statements="25" loc="95" coveredelements="25" elements="37"/>
            <line num="31" count="0" type="method"/>
            <line num="32" count="0" type="stmt"/>
            <line num="33" count="0" type="stmt"/>
            <line num="34" count="0" type="stmt"/>
            <line num="41" count="0" type="method"/>
            <line num="43" count="0" type="stmt"/>
            <line num="45" count="0" type="stmt"/>
            <line num="46" count="0" type="stmt"/>
            <line num="47" count="0" type="stmt"/>
            <line num="50" count="0" type="stmt"/>
            <line num="59" count="1" type="method"/>
            <line num="60" count="1" type="stmt"/>
            <line num="61" count="1" type="stmt"/>
            <line num="63" count="1" type="stmt"/>
            <line num="64" count="1" type="stmt"/>
            <line num="67" count="1" type="stmt"/>
            <line num="67" falsecount="1" type="cond" truecount="0"/>
            <line num="68" count="0" type="stmt"/>
            <line num="71" count="1" type="stmt"/>
            <line num="74" count="1" type="stmt"/>
            <line num="75" count="1" type="method"/>
            <line num="76" count="1" type="stmt"/>
            <line num="76" falsecount="1" type="cond" truecount="1"/>
            <line num="77" count="1" type="stmt"/>
            <line num="79" count="1" type="stmt"/>
            <line num="83" count="1" type="stmt"/>
            <line num="85" count="1" type="stmt"/>
            <line num="85" falsecount="1" type="cond" truecount="1"/>
            <line num="86" count="1" type="stmt"/>
            <line num="86" falsecount="1" type="cond" truecount="1"/>
            <line num="87" count="1" type="stmt"/>
            <line num="89" count="1" type="stmt"/>
            <line num="93" count="1" type="stmt"/>
         </file>
      </package>
      <package name="org.hackystat.sensor.ant.findbugs">
         <metrics classes="1" methods="4" conditionals="8" files="1" ncloc="54" coveredstatements="16" coveredmethods="2" coveredconditionals="7" statements="25" loc="97" coveredelements="25" elements="37"/>
         <file name="TestFindBugsSensor.java">
            <class name="TestFindBugsSensor">
               <metrics methods="4" conditionals="8" coveredstatements="16" coveredmethods="2" coveredconditionals="7" statements="25" coveredelements="25" elements="37"/>
            </class>
            <metrics classes="1" methods="4" conditionals="8" ncloc="54" coveredstatements="16" coveredmethods="2" coveredconditionals="7" statements="25" loc="97" coveredelements="25" elements="37"/>
            <line num="31" count="0" type="method"/>
            <line num="32" count="0" type="stmt"/>
            <line num="33" count="0" type="stmt"/>
            <line num="34" count="0" type="stmt"/>
            <line num="41" count="0" type="method"/>
            <line num="43" count="0" type="stmt"/>
            <line num="45" count="0" type="stmt"/>
            <line num="46" count="0" type="stmt"/>
            <line num="47" count="0" type="stmt"/>
            <line num="50" count="0" type="stmt"/>
            <line num="60" count="1" type="method"/>
            <line num="61" count="1" type="stmt"/>
            <line num="62" count="1" type="stmt"/>
            <line num="66" count="1" type="stmt"/>
            <line num="67" count="1" type="stmt"/>
            <line num="69" count="1" type="stmt"/>
            <line num="69" falsecount="1" type="cond" truecount="0"/>
            <line num="70" count="0" type="stmt"/>
            <line num="73" count="1" type="stmt"/>
            <line num="76" count="1" type="stmt"/>
            <line num="77" count="1" type="method"/>
            <line num="78" count="1" type="stmt"/>
            <line num="78" falsecount="1" type="cond" truecount="1"/>
            <line num="79" count="1" type="stmt"/>
            <line num="81" count="1" type="stmt"/>
            <line num="85" count="1" type="stmt"/>
            <line num="87" count="1" type="stmt"/>
            <line num="87" falsecount="1" type="cond" truecount="1"/>
            <line num="88" count="1" type="stmt"/>
            <line num="88" falsecount="1" type="cond" truecount="1"/>
            <line num="89" count="1" type="stmt"/>
            <line num="91" count="1" type="stmt"/>
            <line num="95" count="1" type="stmt"/>
         </file>
      </package>
   </testproject>
</coverage>